FDTD Solutions Version 8.19.1584 (Windows 64bit)
 expires (month/day/year): 12/31/2025
using config file: C:/Users/admin/AppData/Roaming/Lumerical/FDTD Solutions.ini
license host: <a href=http://localhost:8095>localhost:8095</a>
current time: Tue Jan 17 20:55:37 2023
Running on host: DESKTOP-ORGV1GO
All processes are communicating and ready to proceed to simulation...
Running fsp file: D:\Program Files\Lumerical\FDTD\bin\fdtd-engine-msmpi.exe -t 1 -remote Two-dimensional code.fsp
number of processors is 20
processors are distributed as: 1x2x10
Running 3D Simulation
Split-field FDTD is activated with propagation along axis 3, center frequency is 3, n=3.41916
Starting meshing
Simulation size in gridpoints: 35 x 18 x 29
Refined 0 mesh cells (0%)
Completed meshing!
Meshing complete in 0.015625 seconds of CPU time
Starting meshing
Simulation size in gridpoints: 35 x 18 x 29
Refined 0 mesh cells (0%)
Completed meshing!
Meshing complete in 0.015625 seconds of CPU time
Starting meshing
Simulation size in gridpoints: 35 x 18 x 29
Refined 0 mesh cells (0%)
Completed meshing!
Meshing complete in 0 seconds of CPU time
8 8
8 8
8 8
finished material properties
Meshing Time: 0 seconds, Init Electrical Material Time: 0 seconds, Init Magnetic Material Time: 0
Using selected optimization level: 2
Selecting 3d kernel for splitFieldDirection=3 and optLevel=2
-----------------------------------------
Beginning initialization of 3D Simulation
Starting to add sources to simulation
Adding 3D Gaussian source propagating in Z
Reverted to narrowband source injection
Adding 3D Gaussian source propagating in Z
Reverted to narrowband source injection
Starting to add boundary conditions to simulation
Adding 3D Periodic BC
Adding 3D Periodic BC
Adding 3D Parallel BC
Adding 3D Parallel BC
Adding 3D PML BC
Adding 3D Parallel BC
Starting to add monitors to Simulation
Adding analysis monitor
Adding analysis monitor
Adding 3D DFT monitor
Adding 3D DFT monitor
Finished initialization of 3D Simulation
-----------------------------------------
All processes are communicating and ready to proceed to simulation...
Starting 22336 total iterations
0% complete. Max time remaining: 2 mins, 3 secs. Auto Shutoff: 1
1% complete. Max time remaining: 2 mins, 1 secs. Auto Shutoff: 1
2% complete. Max time remaining: 1 min, 58 secs. Auto Shutoff: 1
3% complete. Max time remaining: 1 min, 56 secs. Auto Shutoff: 1
5% complete. Max time remaining: 1 min, 55 secs. Auto Shutoff: 1
