FDTD Solutions Version 8.19.1584 (Windows 64bit)
 expires (month/day/year): 12/31/2025
using config file: C:/Users/admin/AppData/Roaming/Lumerical/FDTD Solutions.ini
license host: <a href=http://localhost:8095>localhost:8095</a>
current time: Fri Oct 28 13:00:23 2022
Running on host: DESKTOP-ORGV1GO
All processes are communicating and ready to proceed to simulation...
Running fsp file: D:\Program Files\Lumerical\FDTD\bin\fdtd-engine-msmpi.exe -t 1 -remote Two-dimensional code.fsp
number of processors is 20
processors are distributed as: 1x2x10
Running 3D Simulation
Split-field FDTD is activated with propagation along axis 3, center frequency is 3, n=3.41916
Starting meshing
Simulation size in gridpoints: 35 x 18 x 29
Refined 0 mesh cells (0%)
Completed meshing!
Meshing complete in 0.015625 seconds of CPU time
Starting meshing
Simulation size in gridpoints: 35 x 18 x 29
Refined 0 mesh cells (0%)
Completed meshing!
Meshing complete in 0 seconds of CPU time
Starting meshing
Simulation size in gridpoints: 35 x 18 x 29
Refined 0 mesh cells (0%)
Completed meshing!
Meshing complete in 0.015625 seconds of CPU time
8 8
8 8
8 8
finished material properties
Meshing Time: 0 seconds, Init Electrical Material Time: 0 seconds, Init Magnetic Material Time: 0
Using selected optimization level: 2
Selecting 3d kernel for splitFieldDirection=3 and optLevel=2
-----------------------------------------
Beginning initialization of 3D Simulation
Starting to add sources to simulation
Adding 3D Gaussian source propagating in Z
Reverted to narrowband source injection
Adding 3D Gaussian source propagating in Z
Reverted to narrowband source injection
Starting to add boundary conditions to simulation
Adding 3D Periodic BC
Adding 3D Periodic BC
Adding 3D Parallel BC
Adding 3D Parallel BC
Adding 3D PML BC
Adding 3D Parallel BC
Starting to add monitors to Simulation
Adding analysis monitor
Adding analysis monitor
Adding 3D DFT monitor
Adding 3D DFT monitor
Finished initialization of 3D Simulation
-----------------------------------------
All processes are communicating and ready to proceed to simulation...
Starting 22336 total iterations
0% complete. Max time remaining: 2 mins, 7 secs. Auto Shutoff: 1
1% complete. Max time remaining: 2 mins, 3 secs. Auto Shutoff: 1
2% complete. Max time remaining: 2 mins, 2 secs. Auto Shutoff: 1
3% complete. Max time remaining: 2 mins, 0 secs. Auto Shutoff: 1
5% complete. Max time remaining: 1 min, 59 secs. Auto Shutoff: 1
6% complete. Max time remaining: 1 min, 58 secs. Auto Shutoff: 1
7% complete. Max time remaining: 1 min, 56 secs. Auto Shutoff: 1
8% complete. Max time remaining: 1 min, 55 secs. Auto Shutoff: 1
9% complete. Max time remaining: 1 min, 53 secs. Auto Shutoff: 0.997558
10% complete. Max time remaining: 1 min, 52 secs. Auto Shutoff: 1.02426
11% complete. Max time remaining: 1 min, 50 secs. Auto Shutoff: 2.58124
13% complete. Max time remaining: 1 min, 49 secs. Auto Shutoff: 5.84058
14% complete. Max time remaining: 1 min, 47 secs. Auto Shutoff: 8.27031
15% complete. Max time remaining: 1 min, 46 secs. Auto Shutoff: 7.89956
16% complete. Max time remaining: 1 min, 45 secs. Auto Shutoff: 6.00999
17% complete. Max time remaining: 1 min, 43 secs. Auto Shutoff: 1.01259
18% complete. Max time remaining: 1 min, 42 secs. Auto Shutoff: 0.429142
19% complete. Max time remaining: 1 min, 40 secs. Auto Shutoff: 0.371513
21% complete. Max time remaining: 1 min, 39 secs. Auto Shutoff: 0.339098
22% complete. Max time remaining: 1 min, 38 secs. Auto Shutoff: 0.294232
23% complete. Max time remaining: 1 min, 36 secs. Auto Shutoff: 0.254897
24% complete. Max time remaining: 1 min, 35 secs. Auto Shutoff: 0.170044
25% complete. Max time remaining: 1 min, 33 secs. Auto Shutoff: 0.104199
26% complete. Max time remaining: 1 min, 32 secs. Auto Shutoff: 0.0525564
27% complete. Max time remaining: 1 min, 30 secs. Auto Shutoff: 0.0359761
29% complete. Max time remaining: 1 min, 29 secs. Auto Shutoff: 0.0198947
30% complete. Max time remaining: 1 min, 28 secs. Auto Shutoff: 0.0133073
31% complete. Max time remaining: 1 min, 27 secs. Auto Shutoff: 0.00807503
32% complete. Max time remaining: 1 min, 25 secs. Auto Shutoff: 0.00504017
33% complete. Max time remaining: 1 min, 24 secs. Auto Shutoff: 0.00381961
34% complete. Max time remaining: 1 min, 23 secs. Auto Shutoff: 0.00262159
35% complete. Max time remaining: 1 min, 22 secs. Auto Shutoff: 0.00210151
37% complete. Max time remaining: 1 min, 21 secs. Auto Shutoff: 0.00154714
38% complete. Max time remaining: 1 min, 19 secs. Auto Shutoff: 0.00126476
39% complete. Max time remaining: 1 min, 18 secs. Auto Shutoff: 0.00100555
40% complete. Max time remaining: 1 min, 17 secs. Auto Shutoff: 0.000882361
41% complete. Max time remaining: 1 min, 15 secs. Auto Shutoff: 0.000741033
42% complete. Max time remaining: 1 min, 14 secs. Auto Shutoff: 0.000667145
43% complete. Max time remaining: 1 min, 13 secs. Auto Shutoff: 0.000584515
45% complete. Max time remaining: 1 min, 11 secs. Auto Shutoff: 0.000538646
46% complete. Max time remaining: 1 min, 10 secs. Auto Shutoff: 0.000482551
47% complete. Max time remaining: 1 min, 9 secs. Auto Shutoff: 0.000453386
48% complete. Max time remaining: 1 min, 7 secs. Auto Shutoff: 0.000410382
49% complete. Max time remaining: 1 min, 6 secs. Auto Shutoff: 0.000371199
50% complete. Max time remaining: 1 min, 4 secs. Auto Shutoff: 0.000347084
52% complete. Max time remaining: 1 min, 3 secs. Auto Shutoff: 0.000317586
53% complete. Max time remaining: 1 min, 1 secs. Auto Shutoff: 0.00030072
54% complete. Max time remaining: 60 secs. Auto Shutoff: 0.000277908
55% complete. Max time remaining: 59 secs. Auto Shutoff: 0.000263391
56% complete. Max time remaining: 57 secs. Auto Shutoff: 0.00023909
57% complete. Max time remaining: 56 secs. Auto Shutoff: 0.000224934
58% complete. Max time remaining: 54 secs. Auto Shutoff: 0.000205886
60% complete. Max time remaining: 53 secs. Auto Shutoff: 0.0001951
61% complete. Max time remaining: 52 secs. Auto Shutoff: 0.000180614
62% complete. Max time remaining: 50 secs. Auto Shutoff: 0.00017176
63% complete. Max time remaining: 49 secs. Auto Shutoff: 0.000156956
64% complete. Max time remaining: 47 secs. Auto Shutoff: 0.000148252
65% complete. Max time remaining: 46 secs. Auto Shutoff: 0.000135559
66% complete. Max time remaining: 44 secs. Auto Shutoff: 0.00012524
68% complete. Max time remaining: 43 secs. Auto Shutoff: 0.000119706
69% complete. Max time remaining: 41 secs. Auto Shutoff: 0.000111007
70% complete. Max time remaining: 40 secs. Auto Shutoff: 0.000105748
71% complete. Max time remaining: 38 secs. Auto Shutoff: 9.6732e-005
72% complete. Max time remaining: 37 secs. Auto Shutoff: 9.18237e-005
73% complete. Max time remaining: 35 secs. Auto Shutoff: 8.52115e-005
74% complete. Max time remaining: 34 secs. Auto Shutoff: 8.1528e-005
76% complete. Max time remaining: 32 secs. Auto Shutoff: 7.65336e-005
77% complete. Max time remaining: 31 secs. Auto Shutoff: 7.32647e-005
78% complete. Max time remaining: 29 secs. Auto Shutoff: 6.78118e-005
79% complete. Max time remaining: 28 secs. Auto Shutoff: 6.45099e-005
80% complete. Max time remaining: 26 secs. Auto Shutoff: 6.01295e-005
81% complete. Max time remaining: 25 secs. Auto Shutoff: 5.65172e-005
82% complete. Max time remaining: 23 secs. Auto Shutoff: 5.45964e-005
84% complete. Max time remaining: 22 secs. Auto Shutoff: 5.13513e-005
85% complete. Max time remaining: 20 secs. Auto Shutoff: 4.92935e-005
86% complete. Max time remaining: 19 secs. Auto Shutoff: 4.58166e-005
87% complete. Max time remaining: 17 secs. Auto Shutoff: 4.39903e-005
88% complete. Max time remaining: 16 secs. Auto Shutoff: 4.15029e-005
89% complete. Max time remaining: 14 secs. Auto Shutoff: 4.01441e-005
90% complete. Max time remaining: 13 secs. Auto Shutoff: 3.82465e-005
92% complete. Max time remaining: 11 secs. Auto Shutoff: 3.68685e-005
93% complete. Max time remaining: 10 secs. Auto Shutoff: 3.46179e-005
94% complete. Max time remaining: 8 secs. Auto Shutoff: 3.3203e-005
95% complete. Max time remaining: 7 secs. Auto Shutoff: 3.14338e-005
96% complete. Max time remaining: 5 secs. Auto Shutoff: 3.03853e-005
97% complete. Max time remaining: 4 secs. Auto Shutoff: 2.91908e-005
98% complete. Max time remaining: 2 secs. Auto Shutoff: 2.77164e-005
100% complete. Max time remaining: 0 secs. Auto Shutoff: 2.68466e-005
100% complete. Max time remaining: 0 secs. Auto Shutoff: 2.62932e-005
Completed 22336 iterations, or 2.999994e-011s of Simulation Time
Process 0 starting to collect data
    collecting monitor data
    collecting source data
Reverted to narrowband source injection
Using BFAST in the 3d sources! Injection direction: 1, index: 3.41916
Reverted to narrowband source injection
Using BFAST in the 3d sources! Injection direction: 1, index: 3.41916
Finished collecting data
Simulation completed successfully at: Fri Oct 28 13:02:41 2022
Overall wall time measurements in seconds:
    time to mesh and initialize: 5
    time to run FDTD simulation: 132
    time to finalize data and save to files: 1
    FDTD solver speed: 3.09151 Mnodes/s
    total FDTD solver speed on 20 processes: 61.8301 Mnodes/s
